2021-05-10 22:50:17,173 INFO  StartupInfoLogger:55 - [] Starting Application using Java 1.8.0_161 on dell with PID 19576 (C:\Users\delll\Desktop\Kodlar\JavaSpringBootMaven\com.project.courierCompany\com.project.courierCompany\target\classes started by delll in C:\Users\delll\Desktop\Kodlar\JavaSpringBootMaven\com.project.courierCompany\com.project.courierCompany)
2021-05-10 22:50:17,216 DEBUG StartupInfoLogger:56 - [] Running with Spring Boot v2.4.5, Spring v5.3.6
2021-05-10 22:50:17,216 INFO  SpringApplication:675 - [] No active profile set, falling back to default profiles: default
2021-05-10 22:50:18,600 INFO  TomcatWebServer:108 - [] Tomcat initialized with port(s): 8080 (http)
2021-05-10 22:50:18,616 INFO  DirectJDKLog:173 - [] Starting service [Tomcat]
2021-05-10 22:50:18,617 INFO  DirectJDKLog:173 - [] Starting Servlet engine: [Apache Tomcat/9.0.45]
2021-05-10 22:50:18,873 INFO  DirectJDKLog:173 - [] At least one JAR was scanned for TLDs yet contained no TLDs. Enable debug logging for this logger for a complete list of JARs that were scanned but no TLDs were found in them. Skipping unneeded JARs during scanning can improve startup time and JSP compilation time.
2021-05-10 22:50:18,879 INFO  DirectJDKLog:173 - [] Initializing Spring embedded WebApplicationContext
2021-05-10 22:50:18,879 INFO  ServletWebServerApplicationContext:289 - [] Root WebApplicationContext: initialization completed in 1485 ms
2021-05-10 22:50:19,092 INFO  ExecutorConfigurationSupport:181 - [] Initializing ExecutorService 'applicationTaskExecutor'
2021-05-10 22:50:19,373 INFO  TomcatWebServer:220 - [] Tomcat started on port(s): 8080 (http) with context path ''
2021-05-10 22:50:19,383 INFO  StartupInfoLogger:61 - [] Started Application in 2.828 seconds (JVM running for 5.076)
2021-05-10 22:50:23,562 INFO  DirectJDKLog:173 - [] Initializing Spring DispatcherServlet 'dispatcherServlet'
2021-05-10 22:50:23,563 INFO  FrameworkServlet:525 - [] Initializing Servlet 'dispatcherServlet'
2021-05-10 22:50:23,564 INFO  FrameworkServlet:547 - [] Completed initialization in 1 ms
2021-05-10 22:51:33,724 INFO  SpringApplicationAdminMXBeanRegistrar$SpringApplicationAdmin:159 - [] Application shutdown requested.
2021-05-10 22:51:34,883 INFO  ExecutorConfigurationSupport:218 - [] Shutting down ExecutorService 'applicationTaskExecutor'
2021-05-10 22:51:42,779 INFO  StartupInfoLogger:55 - [] Starting Application using Java 1.8.0_161 on dell with PID 3800 (C:\Users\delll\Desktop\Kodlar\JavaSpringBootMaven\com.project.courierCompany\com.project.courierCompany\target\classes started by delll in C:\Users\delll\Desktop\Kodlar\JavaSpringBootMaven\com.project.courierCompany\com.project.courierCompany)
2021-05-10 22:51:42,783 DEBUG StartupInfoLogger:56 - [] Running with Spring Boot v2.4.5, Spring v5.3.6
2021-05-10 22:51:42,784 INFO  SpringApplication:675 - [] No active profile set, falling back to default profiles: default
2021-05-10 22:51:44,028 INFO  TomcatWebServer:108 - [] Tomcat initialized with port(s): 8080 (http)
2021-05-10 22:51:44,040 INFO  DirectJDKLog:173 - [] Starting service [Tomcat]
2021-05-10 22:51:44,041 INFO  DirectJDKLog:173 - [] Starting Servlet engine: [Apache Tomcat/9.0.45]
2021-05-10 22:51:44,316 INFO  DirectJDKLog:173 - [] At least one JAR was scanned for TLDs yet contained no TLDs. Enable debug logging for this logger for a complete list of JARs that were scanned but no TLDs were found in them. Skipping unneeded JARs during scanning can improve startup time and JSP compilation time.
2021-05-10 22:51:44,322 INFO  DirectJDKLog:173 - [] Initializing Spring embedded WebApplicationContext
2021-05-10 22:51:44,323 INFO  ServletWebServerApplicationContext:289 - [] Root WebApplicationContext: initialization completed in 1476 ms
2021-05-10 22:51:44,613 INFO  ExecutorConfigurationSupport:181 - [] Initializing ExecutorService 'applicationTaskExecutor'
2021-05-10 22:51:44,842 INFO  TomcatWebServer:220 - [] Tomcat started on port(s): 8080 (http) with context path ''
2021-05-10 22:51:44,852 INFO  StartupInfoLogger:61 - [] Started Application in 2.692 seconds (JVM running for 5.337)
2021-05-10 22:51:47,743 INFO  DirectJDKLog:173 - [] Initializing Spring DispatcherServlet 'dispatcherServlet'
2021-05-10 22:51:47,744 INFO  FrameworkServlet:525 - [] Initializing Servlet 'dispatcherServlet'
2021-05-10 22:51:47,746 INFO  FrameworkServlet:547 - [] Completed initialization in 2 ms
2021-05-10 22:51:53,829 INFO  SpringApplicationAdminMXBeanRegistrar$SpringApplicationAdmin:159 - [] Application shutdown requested.
2021-05-10 22:51:55,051 INFO  ExecutorConfigurationSupport:218 - [] Shutting down ExecutorService 'applicationTaskExecutor'
2021-05-10 22:57:24,994 INFO  StartupInfoLogger:55 - [] Starting Application using Java 1.8.0_161 on dell with PID 2812 (C:\Users\delll\Desktop\Kodlar\JavaSpringBootMaven\com.project.courierCompany\com.project.courierCompany\target\classes started by delll in C:\Users\delll\Desktop\Kodlar\JavaSpringBootMaven\com.project.courierCompany\com.project.courierCompany)
2021-05-10 22:57:24,998 DEBUG StartupInfoLogger:56 - [] Running with Spring Boot v2.4.5, Spring v5.3.6
2021-05-10 22:57:24,999 INFO  SpringApplication:675 - [] No active profile set, falling back to default profiles: default
2021-05-10 22:57:26,061 INFO  TomcatWebServer:108 - [] Tomcat initialized with port(s): 8080 (http)
2021-05-10 22:57:26,074 INFO  DirectJDKLog:173 - [] Starting service [Tomcat]
2021-05-10 22:57:26,074 INFO  DirectJDKLog:173 - [] Starting Servlet engine: [Apache Tomcat/9.0.45]
2021-05-10 22:57:26,329 INFO  DirectJDKLog:173 - [] At least one JAR was scanned for TLDs yet contained no TLDs. Enable debug logging for this logger for a complete list of JARs that were scanned but no TLDs were found in them. Skipping unneeded JARs during scanning can improve startup time and JSP compilation time.
2021-05-10 22:57:26,335 INFO  DirectJDKLog:173 - [] Initializing Spring embedded WebApplicationContext
2021-05-10 22:57:26,336 INFO  ServletWebServerApplicationContext:289 - [] Root WebApplicationContext: initialization completed in 1265 ms
2021-05-10 22:57:26,573 INFO  ExecutorConfigurationSupport:181 - [] Initializing ExecutorService 'applicationTaskExecutor'
2021-05-10 22:57:26,818 INFO  TomcatWebServer:220 - [] Tomcat started on port(s): 8080 (http) with context path ''
2021-05-10 22:57:26,828 INFO  StartupInfoLogger:61 - [] Started Application in 2.396 seconds (JVM running for 4.264)
2021-05-10 22:57:35,205 INFO  DirectJDKLog:173 - [] Initializing Spring DispatcherServlet 'dispatcherServlet'
2021-05-10 22:57:35,206 INFO  FrameworkServlet:525 - [] Initializing Servlet 'dispatcherServlet'
2021-05-10 22:57:35,208 INFO  FrameworkServlet:547 - [] Completed initialization in 2 ms
2021-05-10 22:57:36,398 INFO  JspLogger:20 - [] Switched to JSP page.
2021-05-10 22:57:36,399 INFO  JspLogger:23 - [] Switched to script.js page.
2021-05-10 23:20:06,493 INFO  StartupInfoLogger:55 - [] Starting Application using Java 1.8.0_161 on dell with PID 7752 (C:\Users\delll\Desktop\Kodlar\JavaSpringBootMaven\com.project.courierCompany\com.project.courierCompany\target\classes started by delll in C:\Users\delll\Desktop\Kodlar\JavaSpringBootMaven\com.project.courierCompany\com.project.courierCompany)
2021-05-10 23:20:06,496 DEBUG StartupInfoLogger:56 - [] Running with Spring Boot v2.4.5, Spring v5.3.6
2021-05-10 23:20:06,497 INFO  SpringApplication:675 - [] No active profile set, falling back to default profiles: default
2021-05-10 23:20:07,941 INFO  TomcatWebServer:108 - [] Tomcat initialized with port(s): 8080 (http)
2021-05-10 23:20:07,954 INFO  DirectJDKLog:173 - [] Starting service [Tomcat]
2021-05-10 23:20:07,954 INFO  DirectJDKLog:173 - [] Starting Servlet engine: [Apache Tomcat/9.0.45]
2021-05-10 23:20:08,394 INFO  DirectJDKLog:173 - [] At least one JAR was scanned for TLDs yet contained no TLDs. Enable debug logging for this logger for a complete list of JARs that were scanned but no TLDs were found in them. Skipping unneeded JARs during scanning can improve startup time and JSP compilation time.
2021-05-10 23:20:08,401 INFO  DirectJDKLog:173 - [] Initializing Spring embedded WebApplicationContext
2021-05-10 23:20:08,402 INFO  ServletWebServerApplicationContext:289 - [] Root WebApplicationContext: initialization completed in 1777 ms
2021-05-10 23:20:08,728 INFO  ExecutorConfigurationSupport:181 - [] Initializing ExecutorService 'applicationTaskExecutor'
2021-05-10 23:20:08,963 WARN  AbstractApplicationContext:591 - [] Exception encountered during context initialization - cancelling refresh attempt: org.springframework.context.ApplicationContextException: Failed to start bean 'webServerStartStop'; nested exception is org.springframework.boot.web.server.PortInUseException: Port 8080 is already in use
2021-05-10 23:20:08,964 INFO  ExecutorConfigurationSupport:218 - [] Shutting down ExecutorService 'applicationTaskExecutor'
2021-05-10 23:20:08,970 INFO  DirectJDKLog:173 - [] Stopping service [Tomcat]
2021-05-10 23:20:08,985 INFO  ConditionEvaluationReportLoggingListener:136 - [] 

Error starting ApplicationContext. To display the conditions report re-run your application with 'debug' enabled.
2021-05-10 23:20:09,054 ERROR LoggingFailureAnalysisReporter:40 - [] 

***************************
APPLICATION FAILED TO START
***************************

Description:

Web server failed to start. Port 8080 was already in use.

Action:

Identify and stop the process that's listening on port 8080 or configure this application to listen on another port.

2021-05-10 23:20:21,171 INFO  StartupInfoLogger:55 - [] Starting Application using Java 1.8.0_161 on dell with PID 9688 (C:\Users\delll\Desktop\Kodlar\JavaSpringBootMaven\com.project.courierCompany\com.project.courierCompany\target\classes started by delll in C:\Users\delll\Desktop\Kodlar\JavaSpringBootMaven\com.project.courierCompany\com.project.courierCompany)
2021-05-10 23:20:21,175 DEBUG StartupInfoLogger:56 - [] Running with Spring Boot v2.4.5, Spring v5.3.6
2021-05-10 23:20:21,176 INFO  SpringApplication:675 - [] No active profile set, falling back to default profiles: default
2021-05-10 23:20:22,554 INFO  TomcatWebServer:108 - [] Tomcat initialized with port(s): 8080 (http)
2021-05-10 23:20:22,569 INFO  DirectJDKLog:173 - [] Starting service [Tomcat]
2021-05-10 23:20:22,570 INFO  DirectJDKLog:173 - [] Starting Servlet engine: [Apache Tomcat/9.0.45]
2021-05-10 23:20:22,928 INFO  DirectJDKLog:173 - [] At least one JAR was scanned for TLDs yet contained no TLDs. Enable debug logging for this logger for a complete list of JARs that were scanned but no TLDs were found in them. Skipping unneeded JARs during scanning can improve startup time and JSP compilation time.
2021-05-10 23:20:22,936 INFO  DirectJDKLog:173 - [] Initializing Spring embedded WebApplicationContext
2021-05-10 23:20:22,937 INFO  ServletWebServerApplicationContext:289 - [] Root WebApplicationContext: initialization completed in 1689 ms
2021-05-10 23:20:23,244 INFO  ExecutorConfigurationSupport:181 - [] Initializing ExecutorService 'applicationTaskExecutor'
2021-05-10 23:20:23,473 WARN  AbstractApplicationContext:591 - [] Exception encountered during context initialization - cancelling refresh attempt: org.springframework.context.ApplicationContextException: Failed to start bean 'webServerStartStop'; nested exception is org.springframework.boot.web.server.PortInUseException: Port 8080 is already in use
2021-05-10 23:20:23,474 INFO  ExecutorConfigurationSupport:218 - [] Shutting down ExecutorService 'applicationTaskExecutor'
2021-05-10 23:20:23,479 INFO  DirectJDKLog:173 - [] Stopping service [Tomcat]
2021-05-10 23:20:23,497 INFO  ConditionEvaluationReportLoggingListener:136 - [] 

Error starting ApplicationContext. To display the conditions report re-run your application with 'debug' enabled.
2021-05-10 23:20:23,516 ERROR LoggingFailureAnalysisReporter:40 - [] 

***************************
APPLICATION FAILED TO START
***************************

Description:

Web server failed to start. Port 8080 was already in use.

Action:

Identify and stop the process that's listening on port 8080 or configure this application to listen on another port.

2021-05-10 23:20:29,593 INFO  JspLogger:20 - [] Switched to JSP page.
2021-05-10 23:20:29,594 INFO  JspLogger:23 - [] Switched to script.js page.
2021-05-10 23:21:14,734 INFO  SpringApplicationAdminMXBeanRegistrar$SpringApplicationAdmin:159 - [] Application shutdown requested.
2021-05-10 23:21:15,993 INFO  ExecutorConfigurationSupport:218 - [] Shutting down ExecutorService 'applicationTaskExecutor'
2021-05-10 23:21:29,287 INFO  StartupInfoLogger:55 - [] Starting Application using Java 1.8.0_161 on dell with PID 13168 (C:\Users\delll\Desktop\Kodlar\JavaSpringBootMaven\com.project.courierCompany\com.project.courierCompany\target\classes started by delll in C:\Users\delll\Desktop\Kodlar\JavaSpringBootMaven\com.project.courierCompany\com.project.courierCompany)
2021-05-10 23:21:29,291 DEBUG StartupInfoLogger:56 - [] Running with Spring Boot v2.4.5, Spring v5.3.6
2021-05-10 23:21:29,292 INFO  SpringApplication:675 - [] No active profile set, falling back to default profiles: default
2021-05-10 23:21:30,726 INFO  TomcatWebServer:108 - [] Tomcat initialized with port(s): 8080 (http)
2021-05-10 23:21:30,742 INFO  DirectJDKLog:173 - [] Starting service [Tomcat]
2021-05-10 23:21:30,742 INFO  DirectJDKLog:173 - [] Starting Servlet engine: [Apache Tomcat/9.0.45]
2021-05-10 23:21:31,064 INFO  DirectJDKLog:173 - [] At least one JAR was scanned for TLDs yet contained no TLDs. Enable debug logging for this logger for a complete list of JARs that were scanned but no TLDs were found in them. Skipping unneeded JARs during scanning can improve startup time and JSP compilation time.
2021-05-10 23:21:31,070 INFO  DirectJDKLog:173 - [] Initializing Spring embedded WebApplicationContext
2021-05-10 23:21:31,070 INFO  ServletWebServerApplicationContext:289 - [] Root WebApplicationContext: initialization completed in 1695 ms
2021-05-10 23:21:31,355 INFO  ExecutorConfigurationSupport:181 - [] Initializing ExecutorService 'applicationTaskExecutor'
2021-05-10 23:21:31,612 INFO  TomcatWebServer:220 - [] Tomcat started on port(s): 8080 (http) with context path ''
2021-05-10 23:21:31,623 INFO  StartupInfoLogger:61 - [] Started Application in 3.006 seconds (JVM running for 5.122)
2021-05-10 23:21:33,890 INFO  DirectJDKLog:173 - [] Initializing Spring DispatcherServlet 'dispatcherServlet'
2021-05-10 23:21:33,891 INFO  FrameworkServlet:525 - [] Initializing Servlet 'dispatcherServlet'
2021-05-10 23:21:33,893 INFO  FrameworkServlet:547 - [] Completed initialization in 1 ms
2021-05-10 23:21:34,899 INFO  JspLogger:20 - [] Switched to JSP page.
2021-05-10 23:21:34,900 INFO  JspLogger:23 - [] Switched to script.js page.
2021-05-10 23:22:52,991 INFO  SpringApplicationAdminMXBeanRegistrar$SpringApplicationAdmin:159 - [] Application shutdown requested.
2021-05-10 23:22:54,167 INFO  ExecutorConfigurationSupport:218 - [] Shutting down ExecutorService 'applicationTaskExecutor'
2021-05-10 23:24:43,293 INFO  StartupInfoLogger:55 - [] Starting Application using Java 1.8.0_161 on dell with PID 15072 (C:\Users\delll\Desktop\Kodlar\JavaSpringBootMaven\com.project.courierCompany\com.project.courierCompany\target\classes started by delll in C:\Users\delll\Desktop\Kodlar\JavaSpringBootMaven\com.project.courierCompany\com.project.courierCompany)
2021-05-10 23:24:43,297 DEBUG StartupInfoLogger:56 - [] Running with Spring Boot v2.4.5, Spring v5.3.6
2021-05-10 23:24:43,297 INFO  SpringApplication:675 - [] No active profile set, falling back to default profiles: default
2021-05-10 23:24:44,369 INFO  TomcatWebServer:108 - [] Tomcat initialized with port(s): 8080 (http)
2021-05-10 23:24:44,382 INFO  DirectJDKLog:173 - [] Starting service [Tomcat]
2021-05-10 23:24:44,382 INFO  DirectJDKLog:173 - [] Starting Servlet engine: [Apache Tomcat/9.0.45]
2021-05-10 23:24:44,643 INFO  DirectJDKLog:173 - [] At least one JAR was scanned for TLDs yet contained no TLDs. Enable debug logging for this logger for a complete list of JARs that were scanned but no TLDs were found in them. Skipping unneeded JARs during scanning can improve startup time and JSP compilation time.
2021-05-10 23:24:44,649 INFO  DirectJDKLog:173 - [] Initializing Spring embedded WebApplicationContext
2021-05-10 23:24:44,650 INFO  ServletWebServerApplicationContext:289 - [] Root WebApplicationContext: initialization completed in 1283 ms
2021-05-10 23:24:44,861 INFO  ExecutorConfigurationSupport:181 - [] Initializing ExecutorService 'applicationTaskExecutor'
2021-05-10 23:24:45,088 INFO  TomcatWebServer:220 - [] Tomcat started on port(s): 8080 (http) with context path ''
2021-05-10 23:24:45,097 INFO  StartupInfoLogger:61 - [] Started Application in 2.413 seconds (JVM running for 4.59)
2021-05-10 23:24:46,046 INFO  DirectJDKLog:173 - [] Initializing Spring DispatcherServlet 'dispatcherServlet'
2021-05-10 23:24:46,046 INFO  FrameworkServlet:525 - [] Initializing Servlet 'dispatcherServlet'
2021-05-10 23:24:46,047 INFO  FrameworkServlet:547 - [] Completed initialization in 1 ms
2021-05-10 23:24:46,978 INFO  JspLogger:20 - [] Switched to JSP page.
2021-05-10 23:24:46,978 INFO  JspLogger:23 - [] Switched to script.js page.
2021-05-10 23:25:12,626 INFO  SpringApplicationAdminMXBeanRegistrar$SpringApplicationAdmin:159 - [] Application shutdown requested.
2021-05-10 23:25:13,785 INFO  ExecutorConfigurationSupport:218 - [] Shutting down ExecutorService 'applicationTaskExecutor'
2021-05-10 23:28:25,606 INFO  StartupInfoLogger:55 - [] Starting Application using Java 1.8.0_161 on dell with PID 10356 (C:\Users\delll\Desktop\Kodlar\JavaSpringBootMaven\com.project.courierCompany\com.project.courierCompany\target\classes started by delll in C:\Users\delll\Desktop\Kodlar\JavaSpringBootMaven\com.project.courierCompany\com.project.courierCompany)
2021-05-10 23:28:25,610 DEBUG StartupInfoLogger:56 - [] Running with Spring Boot v2.4.5, Spring v5.3.6
2021-05-10 23:28:25,613 INFO  SpringApplication:675 - [] No active profile set, falling back to default profiles: default
2021-05-10 23:28:26,690 INFO  TomcatWebServer:108 - [] Tomcat initialized with port(s): 8080 (http)
2021-05-10 23:28:26,702 INFO  DirectJDKLog:173 - [] Starting service [Tomcat]
2021-05-10 23:28:26,702 INFO  DirectJDKLog:173 - [] Starting Servlet engine: [Apache Tomcat/9.0.45]
2021-05-10 23:28:26,982 INFO  DirectJDKLog:173 - [] At least one JAR was scanned for TLDs yet contained no TLDs. Enable debug logging for this logger for a complete list of JARs that were scanned but no TLDs were found in them. Skipping unneeded JARs during scanning can improve startup time and JSP compilation time.
2021-05-10 23:28:26,988 INFO  DirectJDKLog:173 - [] Initializing Spring embedded WebApplicationContext
2021-05-10 23:28:26,989 INFO  ServletWebServerApplicationContext:289 - [] Root WebApplicationContext: initialization completed in 1311 ms
2021-05-10 23:28:27,240 INFO  ExecutorConfigurationSupport:181 - [] Initializing ExecutorService 'applicationTaskExecutor'
2021-05-10 23:28:27,476 INFO  TomcatWebServer:220 - [] Tomcat started on port(s): 8080 (http) with context path ''
2021-05-10 23:28:27,486 INFO  StartupInfoLogger:61 - [] Started Application in 2.46 seconds (JVM running for 4.33)
2021-05-10 23:28:31,178 INFO  DirectJDKLog:173 - [] Initializing Spring DispatcherServlet 'dispatcherServlet'
2021-05-10 23:28:31,178 INFO  FrameworkServlet:525 - [] Initializing Servlet 'dispatcherServlet'
2021-05-10 23:28:31,179 INFO  FrameworkServlet:547 - [] Completed initialization in 0 ms
2021-05-10 23:28:32,437 INFO  JspLogger:20 - [] Switched to JSP page.
2021-05-10 23:28:32,438 INFO  JspLogger:23 - [] Switched to script.js page.
2021-05-10 23:34:38,531 INFO  SpringApplicationAdminMXBeanRegistrar$SpringApplicationAdmin:159 - [] Application shutdown requested.
2021-05-10 23:34:39,695 INFO  ExecutorConfigurationSupport:218 - [] Shutting down ExecutorService 'applicationTaskExecutor'
2021-05-10 23:34:46,133 INFO  StartupInfoLogger:55 - [] Starting Application using Java 1.8.0_161 on dell with PID 10196 (C:\Users\delll\Desktop\Kodlar\JavaSpringBootMaven\com.project.courierCompany\com.project.courierCompany\target\classes started by delll in C:\Users\delll\Desktop\Kodlar\JavaSpringBootMaven\com.project.courierCompany\com.project.courierCompany)
2021-05-10 23:34:46,145 DEBUG StartupInfoLogger:56 - [] Running with Spring Boot v2.4.5, Spring v5.3.6
2021-05-10 23:34:46,146 INFO  SpringApplication:675 - [] No active profile set, falling back to default profiles: default
2021-05-10 23:34:47,700 INFO  TomcatWebServer:108 - [] Tomcat initialized with port(s): 8080 (http)
2021-05-10 23:34:47,717 INFO  DirectJDKLog:173 - [] Starting service [Tomcat]
2021-05-10 23:34:47,717 INFO  DirectJDKLog:173 - [] Starting Servlet engine: [Apache Tomcat/9.0.45]
2021-05-10 23:34:48,016 INFO  DirectJDKLog:173 - [] At least one JAR was scanned for TLDs yet contained no TLDs. Enable debug logging for this logger for a complete list of JARs that were scanned but no TLDs were found in them. Skipping unneeded JARs during scanning can improve startup time and JSP compilation time.
2021-05-10 23:34:48,022 INFO  DirectJDKLog:173 - [] Initializing Spring embedded WebApplicationContext
2021-05-10 23:34:48,023 INFO  ServletWebServerApplicationContext:289 - [] Root WebApplicationContext: initialization completed in 1723 ms
2021-05-10 23:34:48,242 INFO  ExecutorConfigurationSupport:181 - [] Initializing ExecutorService 'applicationTaskExecutor'
2021-05-10 23:34:48,505 INFO  TomcatWebServer:220 - [] Tomcat started on port(s): 8080 (http) with context path ''
2021-05-10 23:34:48,515 INFO  StartupInfoLogger:61 - [] Started Application in 3.236 seconds (JVM running for 5.441)
2021-05-10 23:34:52,678 INFO  DirectJDKLog:173 - [] Initializing Spring DispatcherServlet 'dispatcherServlet'
2021-05-10 23:34:52,679 INFO  FrameworkServlet:525 - [] Initializing Servlet 'dispatcherServlet'
2021-05-10 23:34:52,680 INFO  FrameworkServlet:547 - [] Completed initialization in 1 ms
2021-05-10 23:34:53,692 INFO  JspLogger:20 - [] Switched to JSP page.
2021-05-10 23:34:53,693 INFO  JspLogger:23 - [] Switched to script.js page.
2021-05-10 23:35:44,795 INFO  SpringApplicationAdminMXBeanRegistrar$SpringApplicationAdmin:159 - [] Application shutdown requested.
2021-05-10 23:35:45,981 INFO  ExecutorConfigurationSupport:218 - [] Shutting down ExecutorService 'applicationTaskExecutor'
