2021-05-05 14:23:04,450 INFO  StartupInfoLogger:55 - [] Starting Application using Java 1.8.0_161 on dell with PID 4572 (C:\Users\delll\Desktop\Kodlar\JavaSpringBootMaven\com.project.courierCompany\com.project.courierCompany\target\classes started by delll in C:\Users\delll\Desktop\Kodlar\JavaSpringBootMaven\com.project.courierCompany\com.project.courierCompany)
2021-05-05 14:23:04,463 DEBUG StartupInfoLogger:56 - [] Running with Spring Boot v2.4.5, Spring v5.3.6
2021-05-05 14:23:04,464 INFO  SpringApplication:675 - [] No active profile set, falling back to default profiles: default
2021-05-05 14:23:05,666 INFO  TomcatWebServer:108 - [] Tomcat initialized with port(s): 8080 (http)
2021-05-05 14:23:05,684 INFO  DirectJDKLog:173 - [] Starting service [Tomcat]
2021-05-05 14:23:05,685 INFO  DirectJDKLog:173 - [] Starting Servlet engine: [Apache Tomcat/9.0.45]
2021-05-05 14:23:05,956 INFO  DirectJDKLog:173 - [] At least one JAR was scanned for TLDs yet contained no TLDs. Enable debug logging for this logger for a complete list of JARs that were scanned but no TLDs were found in them. Skipping unneeded JARs during scanning can improve startup time and JSP compilation time.
2021-05-05 14:23:05,962 INFO  DirectJDKLog:173 - [] Initializing Spring embedded WebApplicationContext
2021-05-05 14:23:05,963 INFO  ServletWebServerApplicationContext:289 - [] Root WebApplicationContext: initialization completed in 1403 ms
2021-05-05 14:23:06,201 INFO  ExecutorConfigurationSupport:181 - [] Initializing ExecutorService 'applicationTaskExecutor'
2021-05-05 14:23:06,425 INFO  TomcatWebServer:220 - [] Tomcat started on port(s): 8080 (http) with context path ''
2021-05-05 14:23:06,434 INFO  StartupInfoLogger:61 - [] Started Application in 2.553 seconds (JVM running for 4.625)
2021-05-05 14:23:33,120 INFO  DirectJDKLog:173 - [] Initializing Spring DispatcherServlet 'dispatcherServlet'
2021-05-05 14:23:33,120 INFO  FrameworkServlet:525 - [] Initializing Servlet 'dispatcherServlet'
2021-05-05 14:23:33,121 INFO  FrameworkServlet:547 - [] Completed initialization in 1 ms
2021-05-05 14:23:33,159 DEBUG MessageController:38 - [] This is an example DEBUG ​​message...
2021-05-05 14:23:33,159 INFO  MessageController:39 - [] This is an example INFO ​​message...
2021-05-05 14:23:33,160 WARN  MessageController:40 - [] This is an example WARN ​​message...
2021-05-05 14:23:33,161 ERROR MessageController:41 - [] This is an example ERROR ​​message...
2021-05-05 14:23:47,019 INFO  SpringApplicationAdminMXBeanRegistrar$SpringApplicationAdmin:159 - [] Application shutdown requested.
2021-05-05 14:23:48,284 INFO  ExecutorConfigurationSupport:218 - [] Shutting down ExecutorService 'applicationTaskExecutor'
2021-05-05 14:36:39,140 INFO  StartupInfoLogger:55 - [] Starting Application using Java 1.8.0_161 on dell with PID 17812 (C:\Users\delll\Desktop\Kodlar\JavaSpringBootMaven\com.project.courierCompany\com.project.courierCompany\target\classes started by delll in C:\Users\delll\Desktop\Kodlar\JavaSpringBootMaven\com.project.courierCompany\com.project.courierCompany)
2021-05-05 14:36:39,144 DEBUG StartupInfoLogger:56 - [] Running with Spring Boot v2.4.5, Spring v5.3.6
2021-05-05 14:36:39,147 INFO  SpringApplication:675 - [] No active profile set, falling back to default profiles: default
2021-05-05 14:36:40,239 INFO  TomcatWebServer:108 - [] Tomcat initialized with port(s): 8080 (http)
2021-05-05 14:36:40,251 INFO  DirectJDKLog:173 - [] Starting service [Tomcat]
2021-05-05 14:36:40,252 INFO  DirectJDKLog:173 - [] Starting Servlet engine: [Apache Tomcat/9.0.45]
2021-05-05 14:36:40,506 INFO  DirectJDKLog:173 - [] At least one JAR was scanned for TLDs yet contained no TLDs. Enable debug logging for this logger for a complete list of JARs that were scanned but no TLDs were found in them. Skipping unneeded JARs during scanning can improve startup time and JSP compilation time.
2021-05-05 14:36:40,512 INFO  DirectJDKLog:173 - [] Initializing Spring embedded WebApplicationContext
2021-05-05 14:36:40,512 INFO  ServletWebServerApplicationContext:289 - [] Root WebApplicationContext: initialization completed in 1297 ms
2021-05-05 14:36:40,723 INFO  ExecutorConfigurationSupport:181 - [] Initializing ExecutorService 'applicationTaskExecutor'
2021-05-05 14:36:40,961 INFO  TomcatWebServer:220 - [] Tomcat started on port(s): 8080 (http) with context path ''
2021-05-05 14:36:40,971 INFO  StartupInfoLogger:61 - [] Started Application in 2.439 seconds (JVM running for 4.364)
2021-05-05 14:36:46,266 INFO  DirectJDKLog:173 - [] Initializing Spring DispatcherServlet 'dispatcherServlet'
2021-05-05 14:36:46,267 INFO  FrameworkServlet:525 - [] Initializing Servlet 'dispatcherServlet'
2021-05-05 14:36:46,269 INFO  FrameworkServlet:547 - [] Completed initialization in 1 ms
2021-05-05 15:17:24,789 INFO  SpringApplicationAdminMXBeanRegistrar$SpringApplicationAdmin:159 - [] Application shutdown requested.
2021-05-05 15:17:25,943 INFO  ExecutorConfigurationSupport:218 - [] Shutting down ExecutorService 'applicationTaskExecutor'
2021-05-05 15:20:43,625 INFO  StartupInfoLogger:55 - [] Starting Application using Java 1.8.0_161 on dell with PID 6348 (C:\Users\delll\Desktop\Kodlar\JavaSpringBootMaven\com.project.courierCompany\com.project.courierCompany\target\classes started by delll in C:\Users\delll\Desktop\Kodlar\JavaSpringBootMaven\com.project.courierCompany\com.project.courierCompany)
2021-05-05 15:20:43,629 DEBUG StartupInfoLogger:56 - [] Running with Spring Boot v2.4.5, Spring v5.3.6
2021-05-05 15:20:43,630 INFO  SpringApplication:675 - [] No active profile set, falling back to default profiles: default
2021-05-05 15:20:44,677 INFO  TomcatWebServer:108 - [] Tomcat initialized with port(s): 8080 (http)
2021-05-05 15:20:44,690 INFO  DirectJDKLog:173 - [] Starting service [Tomcat]
2021-05-05 15:20:44,690 INFO  DirectJDKLog:173 - [] Starting Servlet engine: [Apache Tomcat/9.0.45]
2021-05-05 15:20:44,949 INFO  DirectJDKLog:173 - [] At least one JAR was scanned for TLDs yet contained no TLDs. Enable debug logging for this logger for a complete list of JARs that were scanned but no TLDs were found in them. Skipping unneeded JARs during scanning can improve startup time and JSP compilation time.
2021-05-05 15:20:44,955 INFO  DirectJDKLog:173 - [] Initializing Spring embedded WebApplicationContext
2021-05-05 15:20:44,955 INFO  ServletWebServerApplicationContext:289 - [] Root WebApplicationContext: initialization completed in 1256 ms
2021-05-05 15:20:45,195 INFO  ExecutorConfigurationSupport:181 - [] Initializing ExecutorService 'applicationTaskExecutor'
2021-05-05 15:20:45,422 INFO  TomcatWebServer:220 - [] Tomcat started on port(s): 8080 (http) with context path ''
2021-05-05 15:20:45,431 INFO  StartupInfoLogger:61 - [] Started Application in 2.37 seconds (JVM running for 4.235)
2021-05-05 15:20:53,847 INFO  DirectJDKLog:173 - [] Initializing Spring DispatcherServlet 'dispatcherServlet'
2021-05-05 15:20:53,847 INFO  FrameworkServlet:525 - [] Initializing Servlet 'dispatcherServlet'
2021-05-05 15:20:53,848 INFO  FrameworkServlet:547 - [] Completed initialization in 1 ms
2021-05-05 16:41:05,887 INFO  SpringApplicationAdminMXBeanRegistrar$SpringApplicationAdmin:159 - [] Application shutdown requested.
2021-05-05 16:41:07,109 INFO  ExecutorConfigurationSupport:218 - [] Shutting down ExecutorService 'applicationTaskExecutor'
